<?xml version="1.0" encoding="UTF-8"?>
<!-- Generated by org.testng.reporters.JUnitReportReporter -->
<testsuite skipped="0" hostname="YOYOPC" name="LoginTest1" tests="2" failures="0" timestamp="2022-08-12T16:37:52 IST" time="17.667" errors="0">
  <testcase name="login" time="7.499" classname="LoginTest1"/>
  <system-out/>
  <testcase name="login" time="10.168" classname="LoginTest1"/>
  <system-out/>
</testsuite> <!-- LoginTest1 -->
