<?xml version="1.0" encoding="UTF-8"?>
<!-- Generated by org.testng.reporters.JUnitReportReporter -->
<testsuite skipped="0" hostname="YOYOPC" name="saucedemo.LoginTest1" tests="2" failures="0" timestamp="2022-08-12T18:42:16 IST" time="20.246" errors="0">
  <testcase name="login" time="12.062" classname="saucedemo.LoginTest1"/>
  <system-out/>
  <testcase name="login" time="8.184" classname="saucedemo.LoginTest1"/>
  <system-out/>
</testsuite> <!-- saucedemo.LoginTest1 -->
